<?xml version="1.0" encoding="UTF-8"?>
<testng-results ignored="0" total="1" passed="1" failed="0" skipped="0">
  <reporter-output>
  </reporter-output>
  <suite started-at="2022-01-04T22:03:24 PST" name="Suite" finished-at="2022-01-04T22:03:35 PST" duration-ms="11243">
    <groups>
    </groups>
    <test started-at="2022-01-04T22:03:24 PST" name="Test" finished-at="2022-01-04T22:03:35 PST" duration-ms="11243">
      <class name="com.iBanking.testCases.TC_LoginTest_001">
        <test-method is-config="true" signature="setUp(java.lang.String)[pri:0, instance:com.iBanking.testCases.TC_LoginTest_001@301eda63]" started-at="2022-01-04T22:03:24 PST" name="setUp" finished-at="2022-01-04T22:03:29 PST" duration-ms="4264" status="PASS">
          <params>
            <param index="0">
              <value>
                <![CDATA[chrome]]>
              </value>
            </param>
          </params>
          <reporter-output>
          </reporter-output>
        </test-method> <!-- setUp -->
        <test-method signature="loginTest()[pri:0, instance:com.iBanking.testCases.TC_LoginTest_001@301eda63]" started-at="2022-01-04T22:03:29 PST" name="loginTest" finished-at="2022-01-04T22:03:30 PST" duration-ms="1733" status="PASS">
          <reporter-output>
          </reporter-output>
        </test-method> <!-- loginTest -->
        <test-method is-config="true" signature="tearDown()[pri:0, instance:com.iBanking.testCases.TC_LoginTest_001@301eda63]" started-at="2022-01-04T22:03:30 PST" name="tearDown" finished-at="2022-01-04T22:03:35 PST" duration-ms="5002" status="PASS">
          <reporter-output>
          </reporter-output>
        </test-method> <!-- tearDown -->
      </class> <!-- com.iBanking.testCases.TC_LoginTest_001 -->
    </test> <!-- Test -->
  </suite> <!-- Suite -->
</testng-results>
