<?xml version="1.0" encoding="UTF-8"?>
<testng-results ignored="0" total="1" passed="1" failed="0" skipped="0">
  <reporter-output>
  </reporter-output>
  <suite started-at="2022-01-05T11:36:52 PST" name="Suite" finished-at="2022-01-05T11:37:02 PST" duration-ms="9978">
    <groups>
    </groups>
    <test started-at="2022-01-05T11:36:52 PST" name="Test" finished-at="2022-01-05T11:37:02 PST" duration-ms="9978">
      <class name="com.iBanking.testCases.TC_LoginTest_001">
        <test-method is-config="true" signature="setUp(java.lang.String)[pri:0, instance:com.iBanking.testCases.TC_LoginTest_001@30e868be]" started-at="2022-01-05T11:36:53 PST" name="setUp" finished-at="2022-01-05T11:36:56 PST" duration-ms="3513" status="PASS">
          <params>
            <param index="0">
              <value>
                <![CDATA[chrome]]>
              </value>
            </param>
          </params>
          <reporter-output>
          </reporter-output>
        </test-method> <!-- setUp -->
        <test-method signature="loginTest()[pri:0, instance:com.iBanking.testCases.TC_LoginTest_001@30e868be]" started-at="2022-01-05T11:36:56 PST" name="loginTest" finished-at="2022-01-05T11:36:57 PST" duration-ms="1228" status="PASS">
          <reporter-output>
          </reporter-output>
        </test-method> <!-- loginTest -->
        <test-method is-config="true" signature="tearDown()[pri:0, instance:com.iBanking.testCases.TC_LoginTest_001@30e868be]" started-at="2022-01-05T11:36:57 PST" name="tearDown" finished-at="2022-01-05T11:37:02 PST" duration-ms="5001" status="PASS">
          <reporter-output>
          </reporter-output>
        </test-method> <!-- tearDown -->
      </class> <!-- com.iBanking.testCases.TC_LoginTest_001 -->
    </test> <!-- Test -->
  </suite> <!-- Suite -->
</testng-results>
